This is pdfTeX, Version 3.1415926-1.40.10 (TeX Live 2009/Debian) (format=pdflatex 2011.10.31)  24 NOV 2011 13:49
entering extended mode
 %&-line parsing enabled.
**rapport.tex
(./rapport.tex
LaTeX2e <2009/09/24>
Babel <v3.8l> and hyphenation patterns for english, usenglishmax, dumylang, noh
yphenation, loaded.
(/usr/share/texmf-texlive/tex/latex/base/article.cls
Document Class: article 2007/10/19 v1.4h Standard LaTeX document class
(/usr/share/texmf-texlive/tex/latex/base/size10.clo
File: size10.clo 2007/10/19 v1.4h Standard LaTeX file (size option)
)
\c@part=\count79
\c@section=\count80
\c@subsection=\count81
\c@subsubsection=\count82
\c@paragraph=\count83
\c@subparagraph=\count84
\c@figure=\count85
\c@table=\count86
\abovecaptionskip=\skip41
\belowcaptionskip=\skip42
\bibindent=\dimen102
)
(/usr/share/texmf-texlive/tex/latex/base/inputenc.sty
Package: inputenc 2008/03/30 v1.1d Input encoding file
\inpenc@prehook=\toks14
\inpenc@posthook=\toks15

(/usr/share/texmf-texlive/tex/latex/ucs/utf8x.def
File: utf8x.def 2004/10/17 UCS: Input encoding UTF-8
))
(/usr/share/texmf-texlive/tex/latex/ucs/ucs.sty
Package: ucs 2004/10/17 UCS: Unicode input support

(/usr/share/texmf-texlive/tex/latex/ucs/data/uni-global.def
File: uni-global.def 2004/10/17 UCS: Unicode global data
)
\uc@secondtry=\count87
\uc@combtoks=\toks16
\uc@combtoksb=\toks17
\uc@temptokena=\toks18
)
(/usr/share/texmf-texlive/tex/generic/babel/babel.sty
Package: babel 2008/07/06 v3.8l The Babel package

(/usr/share/texmf-texlive/tex/generic/babel/frenchb.ldf
Language: frenchb 2009/03/16 v2.3d French support from the babel system

(/usr/share/texmf-texlive/tex/generic/babel/babel.def
File: babel.def 2008/07/06 v3.8l Babel common definitions
\babel@savecnt=\count88
\U@D=\dimen103
)

Package babel Warning: No hyphenation patterns were loaded for
(babel)                the language `French'
(babel)                I will use the patterns loaded for \language=0 instead.

\l@french = a dialect from \language0
Package babel Info: Making : an active character on input line 120.
Package babel Info: Making ; an active character on input line 121.
Package babel Info: Making ! an active character on input line 122.
Package babel Info: Making ? an active character on input line 123.
\FB@Mht=\dimen104
\std@mcc=\count89
\dec@mcc=\count90
\parindentFFN=\dimen105
*************************************
* Local config file frenchb.cfg used
*
(/usr/share/texmf-texlive/tex/generic/babel/frenchb.cfg)))
(/usr/share/texmf-texlive/tex/latex/carlisle/scalefnt.sty)
(/usr/share/texmf-texlive/tex/latex/graphics/keyval.sty
Package: keyval 1999/03/16 v1.13 key=value parser (DPC)
\KV@toks@=\toks19
)
(/usr/share/texmf-texlive/tex/latex/base/fontenc.sty
Package: fontenc 2005/09/27 v1.99g Standard LaTeX package

(/usr/share/texmf-texlive/tex/latex/base/t1enc.def
File: t1enc.def 2005/09/27 v1.99g Standard LaTeX file
LaTeX Font Info:    Redeclaring font encoding T1 on input line 43.
))
(/usr/share/texmf-texlive/tex/latex/amsmath/amsmath.sty
Package: amsmath 2000/07/18 v2.13 AMS math features
\@mathmargin=\skip43

For additional information on amsmath, use the `?' option.
(/usr/share/texmf-texlive/tex/latex/amsmath/amstext.sty
Package: amstext 2000/06/29 v2.01

(/usr/share/texmf-texlive/tex/latex/amsmath/amsgen.sty
File: amsgen.sty 1999/11/30 v2.0
\@emptytoks=\toks20
\ex@=\dimen106
))
(/usr/share/texmf-texlive/tex/latex/amsmath/amsbsy.sty
Package: amsbsy 1999/11/29 v1.2d
\pmbraise@=\dimen107
)
(/usr/share/texmf-texlive/tex/latex/amsmath/amsopn.sty
Package: amsopn 1999/12/14 v2.01 operator names
)
\inf@bad=\count91
LaTeX Info: Redefining \frac on input line 211.
\uproot@=\count92
\leftroot@=\count93
LaTeX Info: Redefining \overline on input line 307.
\classnum@=\count94
\DOTSCASE@=\count95
LaTeX Info: Redefining \ldots on input line 379.
LaTeX Info: Redefining \dots on input line 382.
LaTeX Info: Redefining \cdots on input line 467.
\Mathstrutbox@=\box26
\strutbox@=\box27
\big@size=\dimen108
LaTeX Font Info:    Redeclaring font encoding OML on input line 567.
LaTeX Font Info:    Redeclaring font encoding OMS on input line 568.
\macc@depth=\count96
\c@MaxMatrixCols=\count97
\dotsspace@=\muskip10
\c@parentequation=\count98
\dspbrk@lvl=\count99
\tag@help=\toks21
\row@=\count100
\column@=\count101
\maxfields@=\count102
\andhelp@=\toks22
\eqnshift@=\dimen109
\alignsep@=\dimen110
\tagshift@=\dimen111
\tagwidth@=\dimen112
\totwidth@=\dimen113
\lineht@=\dimen114
\@envbody=\toks23
\multlinegap=\skip44
\multlinetaggap=\skip45
\mathdisplay@stack=\toks24
LaTeX Info: Redefining \[ on input line 2666.
LaTeX Info: Redefining \] on input line 2667.
)
(/usr/share/texmf-texlive/tex/latex/amsfonts/amsfonts.sty
Package: amsfonts 2009/06/22 v3.00 Basic AMSFonts support
\symAMSa=\mathgroup4
\symAMSb=\mathgroup5
LaTeX Font Info:    Overwriting math alphabet `\mathfrak' in version `bold'
(Font)                  U/euf/m/n --> U/euf/b/n on input line 96.
)
(/usr/share/texmf-texlive/tex/latex/amsfonts/amssymb.sty
Package: amssymb 2009/06/22 v3.00
)
(/usr/share/texmf-texlive/tex/latex/graphics/graphicx.sty
Package: graphicx 1999/02/16 v1.0f Enhanced LaTeX Graphics (DPC,SPQR)

(/usr/share/texmf-texlive/tex/latex/graphics/graphics.sty
Package: graphics 2009/02/05 v1.0o Standard LaTeX Graphics (DPC,SPQR)

(/usr/share/texmf-texlive/tex/latex/graphics/trig.sty
Package: trig 1999/03/16 v1.09 sin cos tan (DPC)
)
(/etc/texmf/tex/latex/config/graphics.cfg
File: graphics.cfg 2009/08/28 v1.8 graphics configuration of TeX Live
)
Package graphics Info: Driver file: pdftex.def on input line 91.

(/usr/share/texmf-texlive/tex/latex/pdftex-def/pdftex.def
File: pdftex.def 2010/03/12 v0.04p Graphics/color for pdfTeX
\Gread@gobject=\count103
))
\Gin@req@height=\dimen115
\Gin@req@width=\dimen116
) (./rapport.aux)
\openout1 = `rapport.aux'.

LaTeX Font Info:    Checking defaults for OML/cmm/m/it on input line 15.
LaTeX Font Info:    ... okay on input line 15.
LaTeX Font Info:    Checking defaults for T1/cmr/m/n on input line 15.
LaTeX Font Info:    ... okay on input line 15.
LaTeX Font Info:    Checking defaults for OT1/cmr/m/n on input line 15.
LaTeX Font Info:    ... okay on input line 15.
LaTeX Font Info:    Checking defaults for OMS/cmsy/m/n on input line 15.
LaTeX Font Info:    ... okay on input line 15.
LaTeX Font Info:    Checking defaults for OMX/cmex/m/n on input line 15.
LaTeX Font Info:    ... okay on input line 15.
LaTeX Font Info:    Checking defaults for U/cmr/m/n on input line 15.
LaTeX Font Info:    ... okay on input line 15.

(/usr/share/texmf-texlive/tex/latex/ucs/ucsencs.def
File: ucsencs.def 2003/11/29 Fixes to fontencodings LGR, T3
)
LaTeX Info: Redefining \degres on input line 15.
LaTeX Info: Redefining \dots on input line 15.
LaTeX Info: Redefining \up on input line 15.

(/usr/share/texmf-texlive/tex/context/base/supp-pdf.mkii
[Loading MPS to PDF converter (version 2006.09.02).]
\scratchcounter=\count104
\scratchdimen=\dimen117
\scratchbox=\box28
\nofMPsegments=\count105
\nofMParguments=\count106
\everyMPshowfont=\toks25
\MPscratchCnt=\count107
\MPscratchDim=\dimen118
\MPnumerator=\count108
\everyMPtoPDFconversion=\toks26
)
LaTeX Font Info:    Try loading font information for U+msa on input line 17.
 (/usr/share/texmf-texlive/tex/latex/amsfonts/umsa.fd
File: umsa.fd 2009/06/22 v3.00 AMS symbols A
)
LaTeX Font Info:    Try loading font information for U+msb on input line 17.

(/usr/share/texmf-texlive/tex/latex/amsfonts/umsb.fd
File: umsb.fd 2009/06/22 v3.00 AMS symbols B
)
(/usr/share/texmf-texlive/tex/latex/ucs/data/uni-0.def
File: uni-0.def 2004/10/17 UCS: Unicode data U+0000..U+00FF
)
Overfull \hbox (3.08992pt too wide) in paragraph at lines 17--17
 [][] 
 []

(./rapport.toc [1

{/var/lib/texmf/fonts/map/pdftex/updmap/pdftex.map}])
\tf@toc=\write3
\openout3 = `rapport.toc'.

 [2]
(./objectif.tex
Underfull \hbox (badness 10000) in paragraph at lines 3--4

 []


Underfull \hbox (badness 10000) in paragraph at lines 7--8

 []


Underfull \hbox (badness 10000) in paragraph at lines 9--10

 []


Underfull \hbox (badness 10000) in paragraph at lines 12--13

 []

<demofichepro.jpg, id=14, 618.05907pt x 274.02374pt>
File: demofichepro.jpg Graphic file (type jpg)
 <use demofichepro.jpg>
Underfull \hbox (badness 10000) in paragraph at lines 16--18

 []

[3 <./demofichepro.jpg>] <menu.jpg, id=19, 754.31813pt x 106.14656pt>
File: menu.jpg Graphic file (type jpg)

<use menu.jpg>
Overfull \hbox (57.15692pt too wide) in paragraph at lines 19--20
[][] 
 []


Underfull \hbox (badness 10000) in paragraph at lines 21--22

 []


Underfull \hbox (badness 10000) in paragraph at lines 23--24

 []


Underfull \hbox (badness 10000) in paragraph at lines 25--26

 []


Underfull \hbox (badness 10000) in paragraph at lines 27--28

 []

(/usr/share/texmf-texlive/tex/latex/ucs/data/uni-1.def
File: uni-1.def 2004/10/17 UCS: Unicode data U+0100..U+01FF
)) [4 <./menu.jpg (PNG copy)>] (./orga-intro.tex (./langages.tex [5])
<dbob.jpg, id=26, 822.07124pt x 1172.88188pt>
File: dbob.jpg Graphic file (type jpg)
 <use dbob.jpg>)
Overfull \hbox (66.0346pt too wide) in paragraph at lines 32--29
[]
 []


Underfull \hbox (badness 10000) in paragraph at lines 32--29

 []

[6]
Overfull \vbox (0.4395pt too high) has occurred while \output is active []


[7 <./dbob.jpg>] (./code-struct.tex
Underfull \hbox (badness 10000) in paragraph at lines 17--18

 []

) [8] (./site.tex <arbo.png, id=38, 752.8125pt x 679.03688pt>
File: arbo.png Graphic file (type png)
 <use arbo.png>
Underfull \hbox (badness 10000) in paragraph at lines 2--5
[]\T1/cmr/m/n/10 Voici l'ar-bores-cence "ressen-tie" par l'u-til-isa-teur :
 []


Overfull \hbox (31.40532pt too wide) in paragraph at lines 2--5
[] 
 []

(./pages-contenus.tex
Overfull \hbox (2.9187pt too wide) in paragraph at lines 14--15
[]\T1/cmr/m/n/10 Le menu est aussi déroulant lorsque l'u-til-isa-teur sur-v-ole
 "Acheter" et "Louer",
 []

<arbocatego.png, id=39, 568.37344pt x 496.10344pt>
File: arbocatego.png Graphic file (type png)
 <use arbocatego.png>
Underfull \hbox (badness 10000) in paragraph at lines 18--21
\T1/cmr/m/n/10 ex-em-ple :
 []

[9 <./arbo.png (PNG copy)>] <coupcoeur.jpg, id=43, 353.06906pt x 197.23688pt>
File: coupcoeur.jpg Graphic file (type jpg)

<use coupcoeur.jpg>
Underfull \hbox (badness 10000) in paragraph at lines 31--34
\T1/cmr/m/n/10 d'en as-surer sa pro-mo-tion
 []

<panneauadmin.jpg, id=45, 625.58719pt x 386.94562pt>
File: panneauadmin.jpg Graphic file (type jpg)
 <use panneauadmin.jpg>)
Underfull \hbox (badness 4108) in paragraph at lines 37--8
\T1/cmr/m/n/10 Ce pan-neau lui per-met plusieurs choses comme cela est ex-pliqu
é :
 []

[10 <./arbocatego.png (PNG copy)> <./coupcoeur.jpg>]) [11 <./panneauadmin.jpg>]
(./fonctionnalites.tex
Underfull \hbox (badness 10000) in paragraph at lines 2--4

 []


Overfull \hbox (1.2941pt too wide) in paragraph at lines 27--28
[]\T1/cmr/m/n/10 Notre ap-pli-ca-tion est fonc-tion-nelle sur les ver-sions ré-
centes de Google chrome,
 []

[12] <exemplejs.png, id=56, 173.89969pt x 94.10156pt>
File: exemplejs.png Graphic file (type png)
 <use exemplejs.png>)
[13 <./exemplejs.png (PNG copy)>] [14] (./rapport.aux) ) 
Here is how much of TeX's memory you used:
 4113 strings out of 495061
 48995 string characters out of 1182620
 104743 words of memory out of 3000000
 7219 multiletter control sequences out of 15000+50000
 16152 words of font info for 48 fonts, out of 3000000 for 9000
 28 hyphenation exceptions out of 8191
 27i,6n,24p,589b,680s stack positions out of 5000i,500n,10000p,200000b,50000s
 </home/sylafrs/.texmf-
var/fonts/pk/ljfour/jknappen/ec/ecbx2074.600pk> </home/sylafrs/.texmf-var/fonts
/pk/ljfour/jknappen/ec/ecrm1000.600pk> </home/sylafrs/.texmf-var/fonts/pk/ljfou
r/jknappen/ec/ecbx1000.600pk> </home/sylafrs/.texmf-var/fonts/pk/ljfour/jknappe
n/ec/ecbx1200.600pk> </home/sylafrs/.texmf-var/fonts/pk/ljfour/jknappen/ec/ecbx
1440.600pk> </home/sylafrs/.texmf-var/fonts/pk/ljfour/jknappen/ec/ecrm1200.600p
k> </home/sylafrs/.texmf-var/fonts/pk/ljfour/jknappen/ec/ecrm1728.600pk></usr/s
hare/texmf-texlive/fonts/type1/public/amsfonts/cm/cmmi10.pfb>
Output written on rapport.pdf (14 pages, 764035 bytes).
PDF statistics:
 402 PDF objects out of 1000 (max. 8388607)
 0 named destinations out of 1000 (max. 500000)
 41 words of extra memory for PDF output out of 10000 (max. 10000000)

